[debug] [2025-02-18T07:02:53.699Z] ----------------------------------------------------------------------
[debug] [2025-02-18T07:02:53.702Z] Command:       /usr/local/bin/node /Users/chrisras/.npm-global/bin/firebase deploy
[debug] [2025-02-18T07:02:53.702Z] CLI Version:   13.30.0
[debug] [2025-02-18T07:02:53.702Z] Platform:      darwin
[debug] [2025-02-18T07:02:53.702Z] Node Version:  v20.11.1
[debug] [2025-02-18T07:02:53.702Z] Time:          Tue Feb 18 2025 01:02:53 GMT-0600 (Central Standard Time)
[debug] [2025-02-18T07:02:53.703Z] ----------------------------------------------------------------------
[debug] 
[debug] [2025-02-18T07:02:53.786Z] > command requires scopes: ["email","openid","https://www.googleapis.com/auth/cloudplatformprojects.readonly","https://www.googleapis.com/auth/firebase","https://www.googleapis.com/auth/cloud-platform"]
[debug] [2025-02-18T07:02:53.786Z] > authorizing via signed-in user (chrisraz228@gmail.com)
[debug] [2025-02-18T07:02:53.786Z] [iam] checking project llanotecnica-59a31 for permissions ["cloudfunctions.functions.create","cloudfunctions.functions.delete","cloudfunctions.functions.get","cloudfunctions.functions.list","cloudfunctions.functions.update","cloudfunctions.operations.get","datastore.indexes.create","datastore.indexes.delete","datastore.indexes.list","datastore.indexes.update","firebase.projects.get","firebasehosting.sites.update"]
[debug] [2025-02-18T07:02:53.786Z] Checked if tokens are valid: true, expires at: 1739863161108
[debug] [2025-02-18T07:02:53.786Z] Checked if tokens are valid: true, expires at: 1739863161108
[debug] [2025-02-18T07:02:53.787Z] >>> [apiv2][query] POST https://cloudresourcemanager.googleapis.com/v1/projects/llanotecnica-59a31:testIamPermissions [none]
[debug] [2025-02-18T07:02:53.787Z] >>> [apiv2][(partial)header] POST https://cloudresourcemanager.googleapis.com/v1/projects/llanotecnica-59a31:testIamPermissions x-goog-quota-user=projects/llanotecnica-59a31
[debug] [2025-02-18T07:02:53.787Z] >>> [apiv2][body] POST https://cloudresourcemanager.googleapis.com/v1/projects/llanotecnica-59a31:testIamPermissions {"permissions":["cloudfunctions.functions.create","cloudfunctions.functions.delete","cloudfunctions.functions.get","cloudfunctions.functions.list","cloudfunctions.functions.update","cloudfunctions.operations.get","datastore.indexes.create","datastore.indexes.delete","datastore.indexes.list","datastore.indexes.update","firebase.projects.get","firebasehosting.sites.update"]}
[debug] [2025-02-18T07:02:54.209Z] <<< [apiv2][status] POST https://cloudresourcemanager.googleapis.com/v1/projects/llanotecnica-59a31:testIamPermissions 200
[debug] [2025-02-18T07:02:54.209Z] <<< [apiv2][body] POST https://cloudresourcemanager.googleapis.com/v1/projects/llanotecnica-59a31:testIamPermissions {"permissions":["cloudfunctions.functions.create","cloudfunctions.functions.delete","cloudfunctions.functions.get","cloudfunctions.functions.list","cloudfunctions.functions.update","cloudfunctions.operations.get","datastore.indexes.create","datastore.indexes.delete","datastore.indexes.list","datastore.indexes.update","firebase.projects.get","firebasehosting.sites.update"]}
[debug] [2025-02-18T07:02:54.209Z] Checked if tokens are valid: true, expires at: 1739863161108
[debug] [2025-02-18T07:02:54.209Z] Checked if tokens are valid: true, expires at: 1739863161108
[debug] [2025-02-18T07:02:54.210Z] >>> [apiv2][query] POST https://iam.googleapis.com/v1/projects/llanotecnica-59a31/serviceAccounts/llanotecnica-59a31@appspot.gserviceaccount.com:testIamPermissions [none]
[debug] [2025-02-18T07:02:54.210Z] >>> [apiv2][body] POST https://iam.googleapis.com/v1/projects/llanotecnica-59a31/serviceAccounts/llanotecnica-59a31@appspot.gserviceaccount.com:testIamPermissions {"permissions":["iam.serviceAccounts.actAs"]}
[debug] [2025-02-18T07:02:54.623Z] <<< [apiv2][status] POST https://iam.googleapis.com/v1/projects/llanotecnica-59a31/serviceAccounts/llanotecnica-59a31@appspot.gserviceaccount.com:testIamPermissions 200
[debug] [2025-02-18T07:02:54.624Z] <<< [apiv2][body] POST https://iam.googleapis.com/v1/projects/llanotecnica-59a31/serviceAccounts/llanotecnica-59a31@appspot.gserviceaccount.com:testIamPermissions {"permissions":["iam.serviceAccounts.actAs"]}
[debug] [2025-02-18T07:02:54.625Z] Checked if tokens are valid: true, expires at: 1739863161108
[debug] [2025-02-18T07:02:54.625Z] Checked if tokens are valid: true, expires at: 1739863161108
[debug] [2025-02-18T07:02:54.625Z] >>> [apiv2][query] GET https://firebase.googleapis.com/v1beta1/projects/llanotecnica-59a31 [none]
[debug] [2025-02-18T07:02:55.193Z] <<< [apiv2][status] GET https://firebase.googleapis.com/v1beta1/projects/llanotecnica-59a31 200
[debug] [2025-02-18T07:02:55.193Z] <<< [apiv2][body] GET https://firebase.googleapis.com/v1beta1/projects/llanotecnica-59a31 {"projectId":"llanotecnica-59a31","projectNumber":"1074323101950","displayName":"Llanotecnica","name":"projects/llanotecnica-59a31","resources":{"hostingSite":"llanotecnica-59a31"},"state":"ACTIVE","etag":"1_70df887d-0c7f-45c7-a3a7-7fa5c7f788b9"}
[info] 
[info] === Deploying to 'llanotecnica-59a31'...
[info] 
[info] i  deploying firestore, functions, hosting 
[info] Running command: npm --prefix "$RESOURCE_DIR" run lint
[info] Running command: npm --prefix "$RESOURCE_DIR" run build
[info] ✔  functions: Finished running predeploy script. 
[info] i  firestore: reading indexes from firestore.indexes.json... 
[info] i  cloud.firestore: checking firestore.rules for compilation errors... 
[debug] [2025-02-18T07:02:58.013Z] Checked if tokens are valid: true, expires at: 1739863161108
[debug] [2025-02-18T07:02:58.013Z] Checked if tokens are valid: true, expires at: 1739863161108
[debug] [2025-02-18T07:02:58.013Z] >>> [apiv2][query] POST https://firebaserules.googleapis.com/v1/projects/llanotecnica-59a31:test [none]
[debug] [2025-02-18T07:02:58.013Z] >>> [apiv2][body] POST https://firebaserules.googleapis.com/v1/projects/llanotecnica-59a31:test [omitted]
[debug] [2025-02-18T07:02:58.266Z] <<< [apiv2][status] POST https://firebaserules.googleapis.com/v1/projects/llanotecnica-59a31:test 200
[debug] [2025-02-18T07:02:58.266Z] <<< [apiv2][body] POST https://firebaserules.googleapis.com/v1/projects/llanotecnica-59a31:test {}
[info] ✔  cloud.firestore: rules file firestore.rules compiled successfully 
[debug] [2025-02-18T07:02:58.269Z] Checked if tokens are valid: true, expires at: 1739863161108
[debug] [2025-02-18T07:02:58.269Z] Checked if tokens are valid: true, expires at: 1739863161108
[debug] [2025-02-18T07:02:58.269Z] >>> [apiv2][query] GET https://cloudresourcemanager.googleapis.com/v1/projects/llanotecnica-59a31 [none]
[debug] [2025-02-18T07:02:58.391Z] <<< [apiv2][status] GET https://cloudresourcemanager.googleapis.com/v1/projects/llanotecnica-59a31 200
[debug] [2025-02-18T07:02:58.392Z] <<< [apiv2][body] GET https://cloudresourcemanager.googleapis.com/v1/projects/llanotecnica-59a31 {"projectNumber":"1074323101950","projectId":"llanotecnica-59a31","lifecycleState":"ACTIVE","name":"Llanotecnica","labels":{"firebase":"enabled","firebase-core":"disabled"},"createTime":"2025-02-08T07:09:39.964220Z"}
[info] i  functions: preparing codebase default for deployment 
[info] i  functions: ensuring required API cloudfunctions.googleapis.com is enabled... 
[debug] [2025-02-18T07:02:58.394Z] Checked if tokens are valid: true, expires at: 1739863161108
[debug] [2025-02-18T07:02:58.394Z] Checked if tokens are valid: true, expires at: 1739863161108
[debug] [2025-02-18T07:02:58.394Z] Checked if tokens are valid: true, expires at: 1739863161108
[debug] [2025-02-18T07:02:58.394Z] Checked if tokens are valid: true, expires at: 1739863161108
[info] i  functions: ensuring required API cloudbuild.googleapis.com is enabled... 
[debug] [2025-02-18T07:02:58.395Z] Checked if tokens are valid: true, expires at: 1739863161108
[debug] [2025-02-18T07:02:58.395Z] Checked if tokens are valid: true, expires at: 1739863161108
[info] i  artifactregistry: ensuring required API artifactregistry.googleapis.com is enabled... 
[debug] [2025-02-18T07:02:58.395Z] Checked if tokens are valid: true, expires at: 1739863161108
[debug] [2025-02-18T07:02:58.395Z] Checked if tokens are valid: true, expires at: 1739863161108
[debug] [2025-02-18T07:02:58.396Z] >>> [apiv2][query] GET https://serviceusage.googleapis.com/v1/projects/llanotecnica-59a31/services/cloudfunctions.googleapis.com [none]
[debug] [2025-02-18T07:02:58.396Z] >>> [apiv2][(partial)header] GET https://serviceusage.googleapis.com/v1/projects/llanotecnica-59a31/services/cloudfunctions.googleapis.com x-goog-quota-user=projects/llanotecnica-59a31
[debug] [2025-02-18T07:02:58.398Z] >>> [apiv2][query] GET https://serviceusage.googleapis.com/v1/projects/llanotecnica-59a31/services/runtimeconfig.googleapis.com [none]
[debug] [2025-02-18T07:02:58.398Z] >>> [apiv2][(partial)header] GET https://serviceusage.googleapis.com/v1/projects/llanotecnica-59a31/services/runtimeconfig.googleapis.com x-goog-quota-user=projects/llanotecnica-59a31
[debug] [2025-02-18T07:02:58.399Z] >>> [apiv2][query] GET https://serviceusage.googleapis.com/v1/projects/llanotecnica-59a31/services/cloudbuild.googleapis.com [none]
[debug] [2025-02-18T07:02:58.399Z] >>> [apiv2][(partial)header] GET https://serviceusage.googleapis.com/v1/projects/llanotecnica-59a31/services/cloudbuild.googleapis.com x-goog-quota-user=projects/llanotecnica-59a31
[debug] [2025-02-18T07:02:58.400Z] >>> [apiv2][query] GET https://serviceusage.googleapis.com/v1/projects/llanotecnica-59a31/services/artifactregistry.googleapis.com [none]
[debug] [2025-02-18T07:02:58.401Z] >>> [apiv2][(partial)header] GET https://serviceusage.googleapis.com/v1/projects/llanotecnica-59a31/services/artifactregistry.googleapis.com x-goog-quota-user=projects/llanotecnica-59a31
[debug] [2025-02-18T07:02:58.890Z] <<< [apiv2][status] GET https://serviceusage.googleapis.com/v1/projects/llanotecnica-59a31/services/runtimeconfig.googleapis.com 200
[debug] [2025-02-18T07:02:58.891Z] <<< [apiv2][body] GET https://serviceusage.googleapis.com/v1/projects/llanotecnica-59a31/services/runtimeconfig.googleapis.com [omitted]
[debug] [2025-02-18T07:02:58.892Z] <<< [apiv2][status] GET https://serviceusage.googleapis.com/v1/projects/llanotecnica-59a31/services/artifactregistry.googleapis.com 200
[debug] [2025-02-18T07:02:58.892Z] <<< [apiv2][body] GET https://serviceusage.googleapis.com/v1/projects/llanotecnica-59a31/services/artifactregistry.googleapis.com [omitted]
[info] ✔  artifactregistry: required API artifactregistry.googleapis.com is enabled 
[debug] [2025-02-18T07:02:58.894Z] <<< [apiv2][status] GET https://serviceusage.googleapis.com/v1/projects/llanotecnica-59a31/services/cloudbuild.googleapis.com 200
[debug] [2025-02-18T07:02:58.894Z] <<< [apiv2][body] GET https://serviceusage.googleapis.com/v1/projects/llanotecnica-59a31/services/cloudbuild.googleapis.com [omitted]
[info] ✔  functions: required API cloudbuild.googleapis.com is enabled 
[debug] [2025-02-18T07:02:58.895Z] <<< [apiv2][status] GET https://serviceusage.googleapis.com/v1/projects/llanotecnica-59a31/services/cloudfunctions.googleapis.com 200
[debug] [2025-02-18T07:02:58.895Z] <<< [apiv2][body] GET https://serviceusage.googleapis.com/v1/projects/llanotecnica-59a31/services/cloudfunctions.googleapis.com [omitted]
[info] ✔  functions: required API cloudfunctions.googleapis.com is enabled 
[debug] [2025-02-18T07:02:58.895Z] Checked if tokens are valid: true, expires at: 1739863161108
[debug] [2025-02-18T07:02:58.895Z] Checked if tokens are valid: true, expires at: 1739863161108
[debug] [2025-02-18T07:02:58.895Z] >>> [apiv2][query] GET https://firebase.googleapis.com/v1beta1/projects/llanotecnica-59a31/adminSdkConfig [none]
[debug] [2025-02-18T07:02:59.301Z] <<< [apiv2][status] GET https://firebase.googleapis.com/v1beta1/projects/llanotecnica-59a31/adminSdkConfig 200
[debug] [2025-02-18T07:02:59.302Z] <<< [apiv2][body] GET https://firebase.googleapis.com/v1beta1/projects/llanotecnica-59a31/adminSdkConfig {"projectId":"llanotecnica-59a31","storageBucket":"llanotecnica-59a31.firebasestorage.app"}
[debug] [2025-02-18T07:02:59.302Z] Checked if tokens are valid: true, expires at: 1739863161108
[debug] [2025-02-18T07:02:59.302Z] Checked if tokens are valid: true, expires at: 1739863161108
[debug] [2025-02-18T07:02:59.302Z] >>> [apiv2][query] GET https://runtimeconfig.googleapis.com/v1beta1/projects/llanotecnica-59a31/configs [none]
[debug] [2025-02-18T07:02:59.628Z] <<< [apiv2][status] GET https://runtimeconfig.googleapis.com/v1beta1/projects/llanotecnica-59a31/configs 200
[debug] [2025-02-18T07:02:59.628Z] <<< [apiv2][body] GET https://runtimeconfig.googleapis.com/v1beta1/projects/llanotecnica-59a31/configs {"configs":[{"name":"projects/llanotecnica-59a31/configs/recaptcha"}]}
[debug] [2025-02-18T07:02:59.628Z] Checked if tokens are valid: true, expires at: 1739863161108
[debug] [2025-02-18T07:02:59.629Z] Checked if tokens are valid: true, expires at: 1739863161108
[debug] [2025-02-18T07:02:59.629Z] >>> [apiv2][query] GET https://runtimeconfig.googleapis.com/v1beta1/projects/llanotecnica-59a31/configs/recaptcha/variables [none]
[debug] [2025-02-18T07:02:59.804Z] <<< [apiv2][status] GET https://runtimeconfig.googleapis.com/v1beta1/projects/llanotecnica-59a31/configs/recaptcha/variables 200
[debug] [2025-02-18T07:02:59.804Z] <<< [apiv2][body] GET https://runtimeconfig.googleapis.com/v1beta1/projects/llanotecnica-59a31/configs/recaptcha/variables {"variables":[{"name":"projects/llanotecnica-59a31/configs/recaptcha/variables/secret_key","updateTime":"2025-02-08T10:17:41.087405630Z"}]}
[debug] [2025-02-18T07:02:59.804Z] Checked if tokens are valid: true, expires at: 1739863161108
[debug] [2025-02-18T07:02:59.804Z] Checked if tokens are valid: true, expires at: 1739863161108
[debug] [2025-02-18T07:02:59.804Z] >>> [apiv2][query] GET https://runtimeconfig.googleapis.com/v1beta1/projects/llanotecnica-59a31/configs/recaptcha/variables/secret_key [none]
